2025-12-30 14:49:13,779 - ImageReader - WARNING - Image /Users/leuyentran/Documents/ML_Assign/data/words/r06/r06-022/r06-022-03-05.png could not be read, returning None.
2025-12-30 14:49:13,781 - DataProvider - WARNING - Data or annotation is None, marking for removal on epoch end.
2025-12-30 14:49:13,782 - DataProvider - WARNING - Data or annotation is None, skipping.
2025-12-30 15:00:03,752 - ImageReader - WARNING - Image /Users/leuyentran/Documents/ML_Assign/data/words/a01/a01-117/a01-117-05-02.png could not be read, returning None.
2025-12-30 15:00:03,752 - DataProvider - WARNING - Data or annotation is None, marking for removal on epoch end.
2025-12-30 15:00:03,752 - DataProvider - WARNING - Data or annotation is None, skipping.
2025-12-30 15:04:44,533 - DataProvider - WARNING - Removing ['/Users/leuyentran/Documents/ML_Assign/data/words/r06/r06-022/r06-022-03-05.png', 'more'] from dataset.
2025-12-30 15:04:44,540 - DataProvider - WARNING - Removing ['/Users/leuyentran/Documents/ML_Assign/data/words/a01/a01-117/a01-117-05-02.png', 'Powell'] from dataset.
2025-12-30 15:05:04,608 - absl - WARNING - You are saving your model as an HDF5 file via `model.save()` or `keras.saving.save_model(model)`. This file format is considered legacy. We recommend using instead the native Keras format, e.g. `model.save('my_model.keras')` or `keras.saving.save_model(model, 'my_model.keras')`. 
2025-12-30 15:05:04,863 - root - INFO - Epoch 0; CER: 0.8841235041618347; WER: 0.940788984298706; loss: 13.282278060913086; val_CER: 0.865467369556427; val_WER: 0.9335682392120361; val_loss: 11.538004875183105
2025-12-30 15:22:58,427 - absl - WARNING - You are saving your model as an HDF5 file via `model.save()` or `keras.saving.save_model(model)`. This file format is considered legacy. We recommend using instead the native Keras format, e.g. `model.save('my_model.keras')` or `keras.saving.save_model(model, 'my_model.keras')`. 
2025-12-30 15:22:58,669 - root - INFO - Epoch 1; CER: 0.7342320680618286; WER: 0.8676963448524475; loss: 9.495659828186035; val_CER: 0.7209556102752686; val_WER: 0.8605974316596985; val_loss: 7.40850305557251
2025-12-30 15:41:07,409 - absl - WARNING - You are saving your model as an HDF5 file via `model.save()` or `keras.saving.save_model(model)`. This file format is considered legacy. We recommend using instead the native Keras format, e.g. `model.save('my_model.keras')` or `keras.saving.save_model(model, 'my_model.keras')`. 
2025-12-30 15:41:07,716 - root - INFO - Epoch 2; CER: 0.638416051864624; WER: 0.814380407333374; loss: 7.475564002990723; val_CER: 0.6300931572914124; val_WER: 0.8094919919967651; val_loss: 6.178463459014893
2025-12-30 15:59:31,350 - absl - WARNING - You are saving your model as an HDF5 file via `model.save()` or `keras.saving.save_model(model)`. This file format is considered legacy. We recommend using instead the native Keras format, e.g. `model.save('my_model.keras')` or `keras.saving.save_model(model, 'my_model.keras')`. 
2025-12-30 15:59:31,591 - root - INFO - Epoch 3; CER: 0.5691446661949158; WER: 0.7720251083374023; loss: 6.087018966674805; val_CER: 0.5613652467727661; val_WER: 0.7661739587783813; val_loss: 4.324784755706787
2025-12-30 16:17:18,090 - absl - WARNING - You are saving your model as an HDF5 file via `model.save()` or `keras.saving.save_model(model)`. This file format is considered legacy. We recommend using instead the native Keras format, e.g. `model.save('my_model.keras')` or `keras.saving.save_model(model, 'my_model.keras')`. 
2025-12-30 16:17:18,336 - root - INFO - Epoch 4; CER: 0.5152705907821655; WER: 0.7346808910369873; loss: 5.209777355194092; val_CER: 0.5093320608139038; val_WER: 0.729597270488739; val_loss: 3.551971912384033
2025-12-30 16:34:47,190 - absl - WARNING - You are saving your model as an HDF5 file via `model.save()` or `keras.saving.save_model(model)`. This file format is considered legacy. We recommend using instead the native Keras format, e.g. `model.save('my_model.keras')` or `keras.saving.save_model(model, 'my_model.keras')`. 
2025-12-30 16:34:47,406 - root - INFO - Epoch 5; CER: 0.4737738370895386; WER: 0.7034068703651428; loss: 4.630634307861328; val_CER: 0.4723495543003082; val_WER: 0.7029837965965271; val_loss: 6.207855224609375
2025-12-30 16:51:42,545 - absl - WARNING - You are saving your model as an HDF5 file via `model.save()` or `keras.saving.save_model(model)`. This file format is considered legacy. We recommend using instead the native Keras format, e.g. `model.save('my_model.keras')` or `keras.saving.save_model(model, 'my_model.keras')`. 
2025-12-30 16:51:42,764 - root - INFO - Epoch 6; CER: 0.44401487708091736; WER: 0.6805455088615417; loss: 4.266478061676025; val_CER: 0.4407975673675537; val_WER: 0.6777300834655762; val_loss: 3.530120372772217
2025-12-30 17:08:39,537 - absl - WARNING - You are saving your model as an HDF5 file via `model.save()` or `keras.saving.save_model(model)`. This file format is considered legacy. We recommend using instead the native Keras format, e.g. `model.save('my_model.keras')` or `keras.saving.save_model(model, 'my_model.keras')`. 
2025-12-30 17:08:39,761 - root - INFO - Epoch 7; CER: 0.4182458519935608; WER: 0.6591517925262451; loss: 4.069125652313232; val_CER: 0.4151499271392822; val_WER: 0.6560378074645996; val_loss: 2.898235321044922
2025-12-30 17:25:48,950 - absl - WARNING - You are saving your model as an HDF5 file via `model.save()` or `keras.saving.save_model(model)`. This file format is considered legacy. We recommend using instead the native Keras format, e.g. `model.save('my_model.keras')` or `keras.saving.save_model(model, 'my_model.keras')`. 
2025-12-30 17:25:49,160 - root - INFO - Epoch 8; CER: 0.39635369181632996; WER: 0.639876663684845; loss: 3.8420801162719727; val_CER: 0.3936325013637543; val_WER: 0.6370142698287964; val_loss: 2.5251107215881348
2025-12-30 17:43:28,530 - absl - WARNING - You are saving your model as an HDF5 file via `model.save()` or `keras.saving.save_model(model)`. This file format is considered legacy. We recommend using instead the native Keras format, e.g. `model.save('my_model.keras')` or `keras.saving.save_model(model, 'my_model.keras')`. 
2025-12-30 17:43:28,748 - root - INFO - Epoch 9; CER: 0.3774698078632355; WER: 0.62250816822052; loss: 3.583211660385132; val_CER: 0.375204473733902; val_WER: 0.6200529932975769; val_loss: 2.478121042251587
2025-12-30 18:00:47,270 - absl - WARNING - You are saving your model as an HDF5 file via `model.save()` or `keras.saving.save_model(model)`. This file format is considered legacy. We recommend using instead the native Keras format, e.g. `model.save('my_model.keras')` or `keras.saving.save_model(model, 'my_model.keras')`. 
2025-12-30 18:00:47,489 - root - INFO - Epoch 10; CER: 0.36131033301353455; WER: 0.6071137189865112; loss: 3.417025089263916; val_CER: 0.3592771291732788; val_WER: 0.604772686958313; val_loss: 2.2253198623657227
2025-12-30 18:18:05,324 - absl - WARNING - You are saving your model as an HDF5 file via `model.save()` or `keras.saving.save_model(model)`. This file format is considered legacy. We recommend using instead the native Keras format, e.g. `model.save('my_model.keras')` or `keras.saving.save_model(model, 'my_model.keras')`. 
2025-12-30 18:18:05,536 - root - INFO - Epoch 11; CER: 0.3471296429634094; WER: 0.5930747389793396; loss: 3.267238140106201; val_CER: 0.3455536961555481; val_WER: 0.5913222432136536; val_loss: 2.557239055633545
2025-12-30 18:35:23,021 - absl - WARNING - You are saving your model as an HDF5 file via `model.save()` or `keras.saving.save_model(model)`. This file format is considered legacy. We recommend using instead the native Keras format, e.g. `model.save('my_model.keras')` or `keras.saving.save_model(model, 'my_model.keras')`. 
2025-12-30 18:35:23,235 - root - INFO - Epoch 12; CER: 0.3348192572593689; WER: 0.5806251168251038; loss: 3.150273323059082; val_CER: 0.3335905373096466; val_WER: 0.5792417526245117; val_loss: 2.611011505126953
2025-12-30 18:52:42,488 - absl - WARNING - You are saving your model as an HDF5 file via `model.save()` or `keras.saving.save_model(model)`. This file format is considered legacy. We recommend using instead the native Keras format, e.g. `model.save('my_model.keras')` or `keras.saving.save_model(model, 'my_model.keras')`. 
2025-12-30 18:52:42,750 - root - INFO - Epoch 13; CER: 0.32403993606567383; WER: 0.5695884823799133; loss: 3.0392818450927734; val_CER: 0.3226834237575531; val_WER: 0.5679252743721008; val_loss: 2.132779598236084
2025-12-30 19:10:02,109 - absl - WARNING - You are saving your model as an HDF5 file via `model.save()` or `keras.saving.save_model(model)`. This file format is considered legacy. We recommend using instead the native Keras format, e.g. `model.save('my_model.keras')` or `keras.saving.save_model(model, 'my_model.keras')`. 
2025-12-30 19:10:02,319 - root - INFO - Epoch 14; CER: 0.3140816390514374; WER: 0.5589492321014404; loss: 2.9456470012664795; val_CER: 0.31342315673828125; val_WER: 0.5583431720733643; val_loss: 3.425232410430908
2025-12-30 19:27:22,790 - absl - WARNING - You are saving your model as an HDF5 file via `model.save()` or `keras.saving.save_model(model)`. This file format is considered legacy. We recommend using instead the native Keras format, e.g. `model.save('my_model.keras')` or `keras.saving.save_model(model, 'my_model.keras')`. 
2025-12-30 19:27:23,005 - root - INFO - Epoch 15; CER: 0.30566486716270447; WER: 0.5501068830490112; loss: 2.8711366653442383; val_CER: 0.30808669328689575; val_WER: 0.5523474812507629; val_loss: 11.62829875946045
2025-12-30 19:44:40,635 - absl - WARNING - You are saving your model as an HDF5 file via `model.save()` or `keras.saving.save_model(model)`. This file format is considered legacy. We recommend using instead the native Keras format, e.g. `model.save('my_model.keras')` or `keras.saving.save_model(model, 'my_model.keras')`. 
2025-12-30 19:44:40,847 - root - INFO - Epoch 16; CER: 0.3007502853870392; WER: 0.5444270372390747; loss: 2.797229290008545; val_CER: 0.29970258474349976; val_WER: 0.5430676937103271; val_loss: 1.9863485097885132
2025-12-30 20:02:00,019 - absl - WARNING - You are saving your model as an HDF5 file via `model.save()` or `keras.saving.save_model(model)`. This file format is considered legacy. We recommend using instead the native Keras format, e.g. `model.save('my_model.keras')` or `keras.saving.save_model(model, 'my_model.keras')`. 
2025-12-30 20:02:00,231 - root - INFO - Epoch 17; CER: 0.29300251603126526; WER: 0.5357251167297363; loss: 2.708333969116211; val_CER: 0.2920152246952057; val_WER: 0.534399688243866; val_loss: 1.8252824544906616
2025-12-30 20:19:17,771 - absl - WARNING - You are saving your model as an HDF5 file via `model.save()` or `keras.saving.save_model(model)`. This file format is considered legacy. We recommend using instead the native Keras format, e.g. `model.save('my_model.keras')` or `keras.saving.save_model(model, 'my_model.keras')`. 
2025-12-30 20:19:17,982 - root - INFO - Epoch 18; CER: 0.28585943579673767; WER: 0.5275753140449524; loss: 2.657531261444092; val_CER: 0.28501054644584656; val_WER: 0.5264531970024109; val_loss: 1.9980592727661133
2025-12-30 20:36:42,410 - absl - WARNING - You are saving your model as an HDF5 file via `model.save()` or `keras.saving.save_model(model)`. This file format is considered legacy. We recommend using instead the native Keras format, e.g. `model.save('my_model.keras')` or `keras.saving.save_model(model, 'my_model.keras')`. 
2025-12-30 20:36:42,626 - root - INFO - Epoch 19; CER: 0.27939045429229736; WER: 0.5201508402824402; loss: 2.605491876602173; val_CER: 0.27862268686294556; val_WER: 0.5191296935081482; val_loss: 1.9527417421340942
2025-12-30 20:53:56,994 - absl - WARNING - You are saving your model as an HDF5 file via `model.save()` or `keras.saving.save_model(model)`. This file format is considered legacy. We recommend using instead the native Keras format, e.g. `model.save('my_model.keras')` or `keras.saving.save_model(model, 'my_model.keras')`. 
2025-12-30 20:53:57,212 - root - INFO - Epoch 20; CER: 0.27343064546585083; WER: 0.5131944417953491; loss: 2.563640594482422; val_CER: 0.27298593521118164; val_WER: 0.5126004219055176; val_loss: 2.541261672973633
2025-12-30 21:11:14,547 - absl - WARNING - You are saving your model as an HDF5 file via `model.save()` or `keras.saving.save_model(model)`. This file format is considered legacy. We recommend using instead the native Keras format, e.g. `model.save('my_model.keras')` or `keras.saving.save_model(model, 'my_model.keras')`. 
2025-12-30 21:11:14,761 - root - INFO - Epoch 21; CER: 0.2681078612804413; WER: 0.5069044828414917; loss: 2.5068905353546143; val_CER: 0.26743584871292114; val_WER: 0.5060065388679504; val_loss: 2.0506656169891357
2025-12-30 21:28:33,981 - absl - WARNING - You are saving your model as an HDF5 file via `model.save()` or `keras.saving.save_model(model)`. This file format is considered legacy. We recommend using instead the native Keras format, e.g. `model.save('my_model.keras')` or `keras.saving.save_model(model, 'my_model.keras')`. 
2025-12-30 21:28:34,191 - root - INFO - Epoch 22; CER: 0.26293331384658813; WER: 0.5007151365280151; loss: 2.481990098953247; val_CER: 0.26227909326553345; val_WER: 0.499793142080307; val_loss: 1.8142917156219482
2025-12-30 21:45:48,133 - absl - WARNING - You are saving your model as an HDF5 file via `model.save()` or `keras.saving.save_model(model)`. This file format is considered legacy. We recommend using instead the native Keras format, e.g. `model.save('my_model.keras')` or `keras.saving.save_model(model, 'my_model.keras')`. 
2025-12-30 21:45:48,346 - root - INFO - Epoch 23; CER: 0.2581118643283844; WER: 0.49486619234085083; loss: 2.4386367797851562; val_CER: 0.25762367248535156; val_WER: 0.4941961169242859; val_loss: 2.1317834854125977
2025-12-30 22:03:05,785 - absl - WARNING - You are saving your model as an HDF5 file via `model.save()` or `keras.saving.save_model(model)`. This file format is considered legacy. We recommend using instead the native Keras format, e.g. `model.save('my_model.keras')` or `keras.saving.save_model(model, 'my_model.keras')`. 
2025-12-30 22:03:05,995 - root - INFO - Epoch 24; CER: 0.2536652386188507; WER: 0.4894746243953705; loss: 2.401972770690918; val_CER: 0.2541271150112152; val_WER: 0.490081787109375; val_loss: 5.763487339019775
2025-12-30 22:20:25,666 - absl - WARNING - You are saving your model as an HDF5 file via `model.save()` or `keras.saving.save_model(model)`. This file format is considered legacy. We recommend using instead the native Keras format, e.g. `model.save('my_model.keras')` or `keras.saving.save_model(model, 'my_model.keras')`. 
2025-12-30 22:20:25,877 - root - INFO - Epoch 25; CER: 0.2503716051578522; WER: 0.4855336546897888; loss: 2.340810537338257; val_CER: 0.2501612901687622; val_WER: 0.4852665662765503; val_loss: 3.0706493854522705
2025-12-30 22:37:45,151 - absl - WARNING - You are saving your model as an HDF5 file via `model.save()` or `keras.saving.save_model(model)`. This file format is considered legacy. We recommend using instead the native Keras format, e.g. `model.save('my_model.keras')` or `keras.saving.save_model(model, 'my_model.keras')`. 
2025-12-30 22:37:45,365 - root - INFO - Epoch 26; CER: 0.2466309815645218; WER: 0.48093435168266296; loss: 2.325380325317383; val_CER: 0.2460881769657135; val_WER: 0.4801250398159027; val_loss: 1.5581080913543701
2025-12-30 22:55:01,219 - absl - WARNING - You are saving your model as an HDF5 file via `model.save()` or `keras.saving.save_model(model)`. This file format is considered legacy. We recommend using instead the native Keras format, e.g. `model.save('my_model.keras')` or `keras.saving.save_model(model, 'my_model.keras')`. 
2025-12-30 22:55:01,437 - root - INFO - Epoch 27; CER: 0.2427845150232315; WER: 0.47610288858413696; loss: 2.2916553020477295; val_CER: 0.24227553606033325; val_WER: 0.47535401582717896; val_loss: 1.61095130443573
2025-12-30 23:12:20,379 - absl - WARNING - You are saving your model as an HDF5 file via `model.save()` or `keras.saving.save_model(model)`. This file format is considered legacy. We recommend using instead the native Keras format, e.g. `model.save('my_model.keras')` or `keras.saving.save_model(model, 'my_model.keras')`. 
2025-12-30 23:12:20,593 - root - INFO - Epoch 28; CER: 0.23908355832099915; WER: 0.47138512134552; loss: 2.2527308464050293; val_CER: 0.23930200934410095; val_WER: 0.4716915488243103; val_loss: 5.036863803863525
2025-12-30 23:29:51,132 - absl - WARNING - You are saving your model as an HDF5 file via `model.save()` or `keras.saving.save_model(model)`. This file format is considered legacy. We recommend using instead the native Keras format, e.g. `model.save('my_model.keras')` or `keras.saving.save_model(model, 'my_model.keras')`. 
2025-12-30 23:29:51,350 - root - INFO - Epoch 29; CER: 0.23629339039325714; WER: 0.46796736121177673; loss: 2.2339119911193848; val_CER: 0.23583339154720306; val_WER: 0.46726635098457336; val_loss: 1.5131982564926147
2025-12-30 23:47:46,502 - absl - WARNING - You are saving your model as an HDF5 file via `model.save()` or `keras.saving.save_model(model)`. This file format is considered legacy. We recommend using instead the native Keras format, e.g. `model.save('my_model.keras')` or `keras.saving.save_model(model, 'my_model.keras')`. 
2025-12-30 23:47:46,774 - root - INFO - Epoch 30; CER: 0.23296883702278137; WER: 0.4636625647544861; loss: 2.209871292114258; val_CER: 0.23256684839725494; val_WER: 0.46304866671562195; val_loss: 1.6116547584533691
2025-12-31 00:05:21,689 - absl - WARNING - You are saving your model as an HDF5 file via `model.save()` or `keras.saving.save_model(model)`. This file format is considered legacy. We recommend using instead the native Keras format, e.g. `model.save('my_model.keras')` or `keras.saving.save_model(model, 'my_model.keras')`. 
2025-12-31 00:05:21,912 - root - INFO - Epoch 31; CER: 0.22988247871398926; WER: 0.4596502184867859; loss: 2.1902554035186768; val_CER: 0.229507714509964; val_WER: 0.4591078460216522; val_loss: 1.7051626443862915
2025-12-31 00:22:53,821 - absl - WARNING - You are saving your model as an HDF5 file via `model.save()` or `keras.saving.save_model(model)`. This file format is considered legacy. We recommend using instead the native Keras format, e.g. `model.save('my_model.keras')` or `keras.saving.save_model(model, 'my_model.keras')`. 
2025-12-31 00:22:54,038 - root - INFO - Epoch 32; CER: 0.22691838443279266; WER: 0.4557848870754242; loss: 2.151973247528076; val_CER: 0.22662900388240814; val_WER: 0.4553602635860443; val_loss: 2.016071319580078
2025-12-31 00:39:53,343 - absl - WARNING - You are saving your model as an HDF5 file via `model.save()` or `keras.saving.save_model(model)`. This file format is considered legacy. We recommend using instead the native Keras format, e.g. `model.save('my_model.keras')` or `keras.saving.save_model(model, 'my_model.keras')`. 
2025-12-31 00:39:53,556 - root - INFO - Epoch 33; CER: 0.22415968775749207; WER: 0.452170729637146; loss: 2.136763572692871; val_CER: 0.2237768918275833; val_WER: 0.4515729248523712; val_loss: 1.4956454038619995
2025-12-31 00:56:43,945 - absl - WARNING - You are saving your model as an HDF5 file via `model.save()` or `keras.saving.save_model(model)`. This file format is considered legacy. We recommend using instead the native Keras format, e.g. `model.save('my_model.keras')` or `keras.saving.save_model(model, 'my_model.keras')`. 
2025-12-31 00:56:44,159 - root - INFO - Epoch 34; CER: 0.2214210331439972; WER: 0.4484865963459015; loss: 2.1082465648651123; val_CER: 0.2210666686296463; val_WER: 0.4479347765445709; val_loss: 1.484944224357605
2025-12-31 01:13:57,888 - absl - WARNING - You are saving your model as an HDF5 file via `model.save()` or `keras.saving.save_model(model)`. This file format is considered legacy. We recommend using instead the native Keras format, e.g. `model.save('my_model.keras')` or `keras.saving.save_model(model, 'my_model.keras')`. 
2025-12-31 01:13:58,099 - root - INFO - Epoch 35; CER: 0.21881195902824402; WER: 0.4449693560600281; loss: 2.095546007156372; val_CER: 0.2184971272945404; val_WER: 0.44448086619377136; val_loss: 1.5901799201965332
2025-12-31 01:31:15,407 - absl - WARNING - You are saving your model as an HDF5 file via `model.save()` or `keras.saving.save_model(model)`. This file format is considered legacy. We recommend using instead the native Keras format, e.g. `model.save('my_model.keras')` or `keras.saving.save_model(model, 'my_model.keras')`. 
2025-12-31 01:31:15,620 - root - INFO - Epoch 36; CER: 0.21633301675319672; WER: 0.4416424334049225; loss: 2.0661749839782715; val_CER: 0.216943621635437; val_WER: 0.4423140287399292; val_loss: 8.557476997375488
2025-12-31 01:48:30,617 - absl - WARNING - You are saving your model as an HDF5 file via `model.save()` or `keras.saving.save_model(model)`. This file format is considered legacy. We recommend using instead the native Keras format, e.g. `model.save('my_model.keras')` or `keras.saving.save_model(model, 'my_model.keras')`. 
2025-12-31 01:48:30,833 - root - INFO - Epoch 37; CER: 0.21487757563591003; WER: 0.4395856559276581; loss: 2.0558011531829834; val_CER: 0.21457336843013763; val_WER: 0.43910083174705505; val_loss: 1.5411453247070312
2025-12-31 02:05:47,479 - absl - WARNING - You are saving your model as an HDF5 file via `model.save()` or `keras.saving.save_model(model)`. This file format is considered legacy. We recommend using instead the native Keras format, e.g. `model.save('my_model.keras')` or `keras.saving.save_model(model, 'my_model.keras')`. 
2025-12-31 02:05:47,692 - root - INFO - Epoch 38; CER: 0.21256183087825775; WER: 0.436434268951416; loss: 2.02089524269104; val_CER: 0.2122606337070465; val_WER: 0.4359607398509979; val_loss: 1.5144668817520142
2025-12-31 02:23:05,583 - absl - WARNING - You are saving your model as an HDF5 file via `model.save()` or `keras.saving.save_model(model)`. This file format is considered legacy. We recommend using instead the native Keras format, e.g. `model.save('my_model.keras')` or `keras.saving.save_model(model, 'my_model.keras')`. 
2025-12-31 02:23:05,796 - root - INFO - Epoch 39; CER: 0.21035031974315643; WER: 0.4334128499031067; loss: 2.0172204971313477; val_CER: 0.2100522667169571; val_WER: 0.4329381287097931; val_loss: 1.4394612312316895
2025-12-31 02:40:23,172 - absl - WARNING - You are saving your model as an HDF5 file via `model.save()` or `keras.saving.save_model(model)`. This file format is considered legacy. We recommend using instead the native Keras format, e.g. `model.save('my_model.keras')` or `keras.saving.save_model(model, 'my_model.keras')`. 
2025-12-31 02:40:23,385 - root - INFO - Epoch 40; CER: 0.20819681882858276; WER: 0.43044576048851013; loss: 1.9968128204345703; val_CER: 0.207932710647583; val_WER: 0.43003377318382263; val_loss: 1.5606815814971924
2025-12-31 02:57:38,756 - absl - WARNING - You are saving your model as an HDF5 file via `model.save()` or `keras.saving.save_model(model)`. This file format is considered legacy. We recommend using instead the native Keras format, e.g. `model.save('my_model.keras')` or `keras.saving.save_model(model, 'my_model.keras')`. 
2025-12-31 02:57:38,968 - root - INFO - Epoch 41; CER: 0.20615443587303162; WER: 0.42767128348350525; loss: 1.9879512786865234; val_CER: 0.20587538182735443; val_WER: 0.4272245466709137; val_loss: 1.4486079216003418
2025-12-31 03:14:54,790 - absl - WARNING - You are saving your model as an HDF5 file via `model.save()` or `keras.saving.save_model(model)`. This file format is considered legacy. We recommend using instead the native Keras format, e.g. `model.save('my_model.keras')` or `keras.saving.save_model(model, 'my_model.keras')`. 
2025-12-31 03:14:55,003 - root - INFO - Epoch 42; CER: 0.20417159795761108; WER: 0.4248873293399811; loss: 1.9705833196640015; val_CER: 0.20395053923130035; val_WER: 0.4245370328426361; val_loss: 1.6736310720443726
2025-12-31 03:32:19,837 - absl - WARNING - You are saving your model as an HDF5 file via `model.save()` or `keras.saving.save_model(model)`. This file format is considered legacy. We recommend using instead the native Keras format, e.g. `model.save('my_model.keras')` or `keras.saving.save_model(model, 'my_model.keras')`. 
2025-12-31 03:32:20,048 - root - INFO - Epoch 43; CER: 0.20229676365852356; WER: 0.422294944524765; loss: 1.952542781829834; val_CER: 0.20228347182273865; val_WER: 0.4222992956638336; val_loss: 3.307422637939453
2025-12-31 03:49:37,854 - absl - WARNING - You are saving your model as an HDF5 file via `model.save()` or `keras.saving.save_model(model)`. This file format is considered legacy. We recommend using instead the native Keras format, e.g. `model.save('my_model.keras')` or `keras.saving.save_model(model, 'my_model.keras')`. 
2025-12-31 03:49:38,070 - root - INFO - Epoch 44; CER: 0.20070895552635193; WER: 0.42013826966285706; loss: 1.9419856071472168; val_CER: 0.20047810673713684; val_WER: 0.41976234316825867; val_loss: 1.5119423866271973
2025-12-31 04:07:00,103 - absl - WARNING - You are saving your model as an HDF5 file via `model.save()` or `keras.saving.save_model(model)`. This file format is considered legacy. We recommend using instead the native Keras format, e.g. `model.save('my_model.keras')` or `keras.saving.save_model(model, 'my_model.keras')`. 
2025-12-31 04:07:00,320 - root - INFO - Epoch 45; CER: 0.19890184700489044; WER: 0.41761156916618347; loss: 1.9150686264038086; val_CER: 0.19867119193077087; val_WER: 0.4172392785549164; val_loss: 1.4572460651397705
2025-12-31 04:24:20,100 - absl - WARNING - You are saving your model as an HDF5 file via `model.save()` or `keras.saving.save_model(model)`. This file format is considered legacy. We recommend using instead the native Keras format, e.g. `model.save('my_model.keras')` or `keras.saving.save_model(model, 'my_model.keras')`. 
2025-12-31 04:24:20,313 - root - INFO - Epoch 46; CER: 0.19715112447738647; WER: 0.4151690602302551; loss: 1.9047352075576782; val_CER: 0.19691725075244904; val_WER: 0.4147888123989105; val_loss: 1.3995083570480347
2025-12-31 04:41:43,871 - absl - WARNING - You are saving your model as an HDF5 file via `model.save()` or `keras.saving.save_model(model)`. This file format is considered legacy. We recommend using instead the native Keras format, e.g. `model.save('my_model.keras')` or `keras.saving.save_model(model, 'my_model.keras')`. 
2025-12-31 04:41:44,140 - root - INFO - Epoch 47; CER: 0.19549201428890228; WER: 0.4128129780292511; loss: 1.9006612300872803; val_CER: 0.19525600969791412; val_WER: 0.41242358088493347; val_loss: 1.3638601303100586
2025-12-31 04:58:51,864 - absl - WARNING - You are saving your model as an HDF5 file via `model.save()` or `keras.saving.save_model(model)`. This file format is considered legacy. We recommend using instead the native Keras format, e.g. `model.save('my_model.keras')` or `keras.saving.save_model(model, 'my_model.keras')`. 
2025-12-31 04:58:52,080 - root - INFO - Epoch 48; CER: 0.19385923445224762; WER: 0.4105190634727478; loss: 1.8920937776565552; val_CER: 0.194009467959404; val_WER: 0.41071441769599915; val_loss: 3.928683280944824
2025-12-31 05:16:12,983 - absl - WARNING - You are saving your model as an HDF5 file via `model.save()` or `keras.saving.save_model(model)`. This file format is considered legacy. We recommend using instead the native Keras format, e.g. `model.save('my_model.keras')` or `keras.saving.save_model(model, 'my_model.keras')`. 
2025-12-31 05:16:13,198 - root - INFO - Epoch 49; CER: 0.1926451027393341; WER: 0.40881702303886414; loss: 1.8715953826904297; val_CER: 0.19246265292167664; val_WER: 0.40850523114204407; val_loss: 1.501219630241394
2025-12-31 05:33:32,814 - absl - WARNING - You are saving your model as an HDF5 file via `model.save()` or `keras.saving.save_model(model)`. This file format is considered legacy. We recommend using instead the native Keras format, e.g. `model.save('my_model.keras')` or `keras.saving.save_model(model, 'my_model.keras')`. 
2025-12-31 05:33:33,025 - root - INFO - Epoch 50; CER: 0.1911722868680954; WER: 0.4067099392414093; loss: 1.8701146841049194; val_CER: 0.1909637600183487; val_WER: 0.4063607156276703; val_loss: 1.329773187637329
2025-12-31 05:50:47,143 - absl - WARNING - You are saving your model as an HDF5 file via `model.save()` or `keras.saving.save_model(model)`. This file format is considered legacy. We recommend using instead the native Keras format, e.g. `model.save('my_model.keras')` or `keras.saving.save_model(model, 'my_model.keras')`. 
2025-12-31 05:50:47,360 - root - INFO - Epoch 51; CER: 0.18972213566303253; WER: 0.40463027358055115; loss: 1.8603214025497437; val_CER: 0.18952572345733643; val_WER: 0.40430834889411926; val_loss: 1.4179127216339111
2025-12-31 06:08:06,742 - absl - WARNING - You are saving your model as an HDF5 file via `model.save()` or `keras.saving.save_model(model)`. This file format is considered legacy. We recommend using instead the native Keras format, e.g. `model.save('my_model.keras')` or `keras.saving.save_model(model, 'my_model.keras')`. 
2025-12-31 06:08:06,958 - root - INFO - Epoch 52; CER: 0.1882992386817932; WER: 0.4025835394859314; loss: 1.8441152572631836; val_CER: 0.18811236321926117; val_WER: 0.4022727608680725; val_loss: 1.4666634798049927
2025-12-31 06:25:27,722 - absl - WARNING - You are saving your model as an HDF5 file via `model.save()` or `keras.saving.save_model(model)`. This file format is considered legacy. We recommend using instead the native Keras format, e.g. `model.save('my_model.keras')` or `keras.saving.save_model(model, 'my_model.keras')`. 
2025-12-31 06:25:27,934 - root - INFO - Epoch 53; CER: 0.18693162500858307; WER: 0.4005836546421051; loss: 1.8326833248138428; val_CER: 0.18674123287200928; val_WER: 0.40025874972343445; val_loss: 1.3412753343582153
2025-12-31 06:42:49,102 - absl - WARNING - You are saving your model as an HDF5 file via `model.save()` or `keras.saving.save_model(model)`. This file format is considered legacy. We recommend using instead the native Keras format, e.g. `model.save('my_model.keras')` or `keras.saving.save_model(model, 'my_model.keras')`. 
2025-12-31 06:42:49,319 - root - INFO - Epoch 54; CER: 0.18559257686138153; WER: 0.3986043930053711; loss: 1.8165260553359985; val_CER: 0.18541115522384644; val_WER: 0.3982999920845032; val_loss: 1.3774932622909546
2025-12-31 07:00:10,984 - absl - WARNING - You are saving your model as an HDF5 file via `model.save()` or `keras.saving.save_model(model)`. This file format is considered legacy. We recommend using instead the native Keras format, e.g. `model.save('my_model.keras')` or `keras.saving.save_model(model, 'my_model.keras')`. 
2025-12-31 07:00:11,194 - root - INFO - Epoch 55; CER: 0.1842813491821289; WER: 0.39668557047843933; loss: 1.8034573793411255; val_CER: 0.1841181218624115; val_WER: 0.39640289545059204; val_loss: 1.431311845779419
2025-12-31 07:17:24,805 - absl - WARNING - You are saving your model as an HDF5 file via `model.save()` or `keras.saving.save_model(model)`. This file format is considered legacy. We recommend using instead the native Keras format, e.g. `model.save('my_model.keras')` or `keras.saving.save_model(model, 'my_model.keras')`. 
2025-12-31 07:17:25,017 - root - INFO - Epoch 56; CER: 0.18301786482334137; WER: 0.3948376178741455; loss: 1.7897083759307861; val_CER: 0.18289774656295776; val_WER: 0.394631028175354; val_loss: 1.6642097234725952
2025-12-31 07:34:44,701 - absl - WARNING - You are saving your model as an HDF5 file via `model.save()` or `keras.saving.save_model(model)`. This file format is considered legacy. We recommend using instead the native Keras format, e.g. `model.save('my_model.keras')` or `keras.saving.save_model(model, 'my_model.keras')`. 
2025-12-31 07:34:44,915 - root - INFO - Epoch 57; CER: 0.18183831870555878; WER: 0.39311009645462036; loss: 1.7918187379837036; val_CER: 0.18166586756706238; val_WER: 0.39281541109085083; val_loss: 1.2930105924606323
2025-12-31 07:51:59,101 - absl - WARNING - You are saving your model as an HDF5 file via `model.save()` or `keras.saving.save_model(model)`. This file format is considered legacy. We recommend using instead the native Keras format, e.g. `model.save('my_model.keras')` or `keras.saving.save_model(model, 'my_model.keras')`. 
2025-12-31 07:51:59,314 - root - INFO - Epoch 58; CER: 0.1806175410747528; WER: 0.3913039267063141; loss: 1.770271897315979; val_CER: 0.18045057356357574; val_WER: 0.39101290702819824; val_loss: 1.325975775718689
2025-12-31 08:09:08,439 - absl - WARNING - You are saving your model as an HDF5 file via `model.save()` or `keras.saving.save_model(model)`. This file format is considered legacy. We recommend using instead the native Keras format, e.g. `model.save('my_model.keras')` or `keras.saving.save_model(model, 'my_model.keras')`. 
2025-12-31 08:09:08,649 - root - INFO - Epoch 59; CER: 0.1794334053993225; WER: 0.389529287815094; loss: 1.7595510482788086; val_CER: 0.17928466200828552; val_WER: 0.3892773985862732; val_loss: 1.4414002895355225
2025-12-31 08:25:54,859 - absl - WARNING - You are saving your model as an HDF5 file via `model.save()` or `keras.saving.save_model(model)`. This file format is considered legacy. We recommend using instead the native Keras format, e.g. `model.save('my_model.keras')` or `keras.saving.save_model(model, 'my_model.keras')`. 
2025-12-31 08:25:55,072 - root - INFO - Epoch 60; CER: 0.1782715767621994; WER: 0.3878173828125; loss: 1.7443679571151733; val_CER: 0.17814111709594727; val_WER: 0.3875989615917206; val_loss: 1.5817019939422607
2025-12-31 08:43:28,608 - absl - WARNING - You are saving your model as an HDF5 file via `model.save()` or `keras.saving.save_model(model)`. This file format is considered legacy. We recommend using instead the native Keras format, e.g. `model.save('my_model.keras')` or `keras.saving.save_model(model, 'my_model.keras')`. 
2025-12-31 08:43:28,824 - root - INFO - Epoch 61; CER: 0.17717204988002777; WER: 0.38619402050971985; loss: 1.7393420934677124; val_CER: 0.1770256608724594; val_WER: 0.38593238592147827; val_loss: 1.31805419921875
2025-12-31 09:00:25,902 - absl - WARNING - You are saving your model as an HDF5 file via `model.save()` or `keras.saving.save_model(model)`. This file format is considered legacy. We recommend using instead the native Keras format, e.g. `model.save('my_model.keras')` or `keras.saving.save_model(model, 'my_model.keras')`. 
2025-12-31 09:00:26,114 - root - INFO - Epoch 62; CER: 0.17607887089252472; WER: 0.3845750391483307; loss: 1.728534460067749; val_CER: 0.1759353131055832; val_WER: 0.3843311369419098; val_loss: 1.3779451847076416
2025-12-31 09:17:42,460 - absl - WARNING - You are saving your model as an HDF5 file via `model.save()` or `keras.saving.save_model(model)`. This file format is considered legacy. We recommend using instead the native Keras format, e.g. `model.save('my_model.keras')` or `keras.saving.save_model(model, 'my_model.keras')`. 
2025-12-31 09:17:42,698 - root - INFO - Epoch 63; CER: 0.17501506209373474; WER: 0.38297492265701294; loss: 1.732775092124939; val_CER: 0.17487192153930664; val_WER: 0.38272690773010254; val_loss: 1.3263157606124878
2025-12-31 09:35:11,000 - absl - WARNING - You are saving your model as an HDF5 file via `model.save()` or `keras.saving.save_model(model)`. This file format is considered legacy. We recommend using instead the native Keras format, e.g. `model.save('my_model.keras')` or `keras.saving.save_model(model, 'my_model.keras')`. 
2025-12-31 09:35:11,210 - root - INFO - Epoch 64; CER: 0.1739763766527176; WER: 0.3814108669757843; loss: 1.725821614265442; val_CER: 0.1738465279340744; val_WER: 0.38118627667427063; val_loss: 1.4493602514266968
2025-12-31 09:51:54,968 - absl - WARNING - You are saving your model as an HDF5 file via `model.save()` or `keras.saving.save_model(model)`. This file format is considered legacy. We recommend using instead the native Keras format, e.g. `model.save('my_model.keras')` or `keras.saving.save_model(model, 'my_model.keras')`. 
2025-12-31 09:51:55,182 - root - INFO - Epoch 65; CER: 0.17297911643981934; WER: 0.37991631031036377; loss: 1.7130260467529297; val_CER: 0.17285838723182678; val_WER: 0.3797077238559723; val_loss: 1.4676865339279175
2025-12-31 10:08:51,581 - absl - WARNING - You are saving your model as an HDF5 file via `model.save()` or `keras.saving.save_model(model)`. This file format is considered legacy. We recommend using instead the native Keras format, e.g. `model.save('my_model.keras')` or `keras.saving.save_model(model, 'my_model.keras')`. 
2025-12-31 10:08:51,799 - root - INFO - Epoch 66; CER: 0.17199447751045227; WER: 0.37844377756118774; loss: 1.6904089450836182; val_CER: 0.1722826063632965; val_WER: 0.3787740468978882; val_loss: 7.752462387084961
2025-12-31 10:25:37,702 - absl - WARNING - You are saving your model as an HDF5 file via `model.save()` or `keras.saving.save_model(model)`. This file format is considered legacy. We recommend using instead the native Keras format, e.g. `model.save('my_model.keras')` or `keras.saving.save_model(model, 'my_model.keras')`. 
2025-12-31 10:25:37,923 - root - INFO - Epoch 67; CER: 0.17144407331943512; WER: 0.3775469660758972; loss: 1.6975888013839722; val_CER: 0.17136594653129578; val_WER: 0.37740999460220337; val_loss: 1.8001712560653687
2025-12-31 10:42:37,695 - absl - WARNING - You are saving your model as an HDF5 file via `model.save()` or `keras.saving.save_model(model)`. This file format is considered legacy. We recommend using instead the native Keras format, e.g. `model.save('my_model.keras')` or `keras.saving.save_model(model, 'my_model.keras')`. 
2025-12-31 10:42:37,903 - root - INFO - Epoch 68; CER: 0.1705346405506134; WER: 0.37618309259414673; loss: 1.6881183385849; val_CER: 0.17041096091270447; val_WER: 0.3759666085243225; val_loss: 1.3443477153778076
2025-12-31 10:59:36,016 - absl - WARNING - You are saving your model as an HDF5 file via `model.save()` or `keras.saving.save_model(model)`. This file format is considered legacy. We recommend using instead the native Keras format, e.g. `model.save('my_model.keras')` or `keras.saving.save_model(model, 'my_model.keras')`. 
2025-12-31 10:59:36,228 - root - INFO - Epoch 69; CER: 0.1696203500032425; WER: 0.37479549646377563; loss: 1.6828454732894897; val_CER: 0.1694953888654709; val_WER: 0.37457728385925293; val_loss: 1.2931907176971436
2025-12-31 11:16:26,901 - absl - WARNING - You are saving your model as an HDF5 file via `model.save()` or `keras.saving.save_model(model)`. This file format is considered legacy. We recommend using instead the native Keras format, e.g. `model.save('my_model.keras')` or `keras.saving.save_model(model, 'my_model.keras')`. 
2025-12-31 11:16:27,112 - root - INFO - Epoch 70; CER: 0.16870519518852234; WER: 0.3733939230442047; loss: 1.6738008260726929; val_CER: 0.16858097910881042; val_WER: 0.3731749653816223; val_loss: 1.3096661567687988
2025-12-31 11:33:21,391 - absl - WARNING - You are saving your model as an HDF5 file via `model.save()` or `keras.saving.save_model(model)`. This file format is considered legacy. We recommend using instead the native Keras format, e.g. `model.save('my_model.keras')` or `keras.saving.save_model(model, 'my_model.keras')`. 
2025-12-31 11:33:21,599 - root - INFO - Epoch 71; CER: 0.16780170798301697; WER: 0.3720187842845917; loss: 1.651226282119751; val_CER: 0.16778802871704102; val_WER: 0.3720026910305023; val_loss: 2.6222169399261475
2025-12-31 11:50:15,004 - absl - WARNING - You are saving your model as an HDF5 file via `model.save()` or `keras.saving.save_model(model)`. This file format is considered legacy. We recommend using instead the native Keras format, e.g. `model.save('my_model.keras')` or `keras.saving.save_model(model, 'my_model.keras')`. 
2025-12-31 11:50:15,211 - root - INFO - Epoch 72; CER: 0.16703960299491882; WER: 0.3708888292312622; loss: 1.6617525815963745; val_CER: 0.16692598164081573; val_WER: 0.37068426609039307; val_loss: 1.3043043613433838
2025-12-31 12:07:07,480 - absl - WARNING - You are saving your model as an HDF5 file via `model.save()` or `keras.saving.save_model(model)`. This file format is considered legacy. We recommend using instead the native Keras format, e.g. `model.save('my_model.keras')` or `keras.saving.save_model(model, 'my_model.keras')`. 
2025-12-31 12:07:07,693 - root - INFO - Epoch 73; CER: 0.16618753969669342; WER: 0.3695855438709259; loss: 1.647595763206482; val_CER: 0.16610011458396912; val_WER: 0.3694247603416443; val_loss: 1.5032715797424316
2025-12-31 12:24:04,832 - absl - WARNING - You are saving your model as an HDF5 file via `model.save()` or `keras.saving.save_model(model)`. This file format is considered legacy. We recommend using instead the native Keras format, e.g. `model.save('my_model.keras')` or `keras.saving.save_model(model, 'my_model.keras')`. 
2025-12-31 12:24:05,044 - root - INFO - Epoch 74; CER: 0.16538771986961365; WER: 0.36833900213241577; loss: 1.639833688735962; val_CER: 0.16528809070587158; val_WER: 0.3681609332561493; val_loss: 1.4523009061813354
2025-12-31 12:40:57,590 - absl - WARNING - You are saving your model as an HDF5 file via `model.save()` or `keras.saving.save_model(model)`. This file format is considered legacy. We recommend using instead the native Keras format, e.g. `model.save('my_model.keras')` or `keras.saving.save_model(model, 'my_model.keras')`. 
2025-12-31 12:40:57,798 - root - INFO - Epoch 75; CER: 0.16457726061344147; WER: 0.3670900762081146; loss: 1.620654582977295; val_CER: 0.16446343064308167; val_WER: 0.3668804466724396; val_loss: 1.2491170167922974
2025-12-31 12:57:51,834 - absl - WARNING - You are saving your model as an HDF5 file via `model.save()` or `keras.saving.save_model(model)`. This file format is considered legacy. We recommend using instead the native Keras format, e.g. `model.save('my_model.keras')` or `keras.saving.save_model(model, 'my_model.keras')`. 
2025-12-31 12:57:52,045 - root - INFO - Epoch 76; CER: 0.1637716144323349; WER: 0.36583200097084045; loss: 1.6303718090057373; val_CER: 0.1636602133512497; val_WER: 0.3656294047832489; val_loss: 1.2335116863250732
2025-12-31 13:14:45,654 - absl - WARNING - You are saving your model as an HDF5 file via `model.save()` or `keras.saving.save_model(model)`. This file format is considered legacy. We recommend using instead the native Keras format, e.g. `model.save('my_model.keras')` or `keras.saving.save_model(model, 'my_model.keras')`. 
2025-12-31 13:14:45,867 - root - INFO - Epoch 77; CER: 0.16297674179077148; WER: 0.36460092663764954; loss: 1.6177746057510376; val_CER: 0.16287767887115479; val_WER: 0.36442050337791443; val_loss: 1.3507030010223389
2025-12-31 13:31:35,032 - absl - WARNING - You are saving your model as an HDF5 file via `model.save()` or `keras.saving.save_model(model)`. This file format is considered legacy. We recommend using instead the native Keras format, e.g. `model.save('my_model.keras')` or `keras.saving.save_model(model, 'my_model.keras')`. 
2025-12-31 13:31:35,235 - root - INFO - Epoch 78; CER: 0.1622132658958435; WER: 0.3634033501148224; loss: 1.6106632947921753; val_CER: 0.16210639476776123; val_WER: 0.3632122278213501; val_loss: 1.2474337816238403
2025-12-31 13:48:45,857 - absl - WARNING - You are saving your model as an HDF5 file via `model.save()` or `keras.saving.save_model(model)`. This file format is considered legacy. We recommend using instead the native Keras format, e.g. `model.save('my_model.keras')` or `keras.saving.save_model(model, 'my_model.keras')`. 
2025-12-31 13:48:46,129 - root - INFO - Epoch 79; CER: 0.16145209968090057; WER: 0.36221402883529663; loss: 1.6182080507278442; val_CER: 0.16134889423847198; val_WER: 0.36202549934387207; val_loss: 1.2518229484558105
2025-12-31 14:05:55,099 - absl - WARNING - You are saving your model as an HDF5 file via `model.save()` or `keras.saving.save_model(model)`. This file format is considered legacy. We recommend using instead the native Keras format, e.g. `model.save('my_model.keras')` or `keras.saving.save_model(model, 'my_model.keras')`. 
2025-12-31 14:05:55,364 - root - INFO - Epoch 80; CER: 0.16070035099983215; WER: 0.3610404431819916; loss: 1.5863564014434814; val_CER: 0.16060099005699158; val_WER: 0.3608567714691162; val_loss: 1.288996934890747
2025-12-31 14:23:02,868 - absl - WARNING - You are saving your model as an HDF5 file via `model.save()` or `keras.saving.save_model(model)`. This file format is considered legacy. We recommend using instead the native Keras format, e.g. `model.save('my_model.keras')` or `keras.saving.save_model(model, 'my_model.keras')`. 
2025-12-31 14:23:03,098 - root - INFO - Epoch 81; CER: 0.1599792242050171; WER: 0.35990506410598755; loss: 1.6050777435302734; val_CER: 0.15987750887870789; val_WER: 0.35971799492836; val_loss: 1.2001997232437134
2025-12-31 14:40:36,624 - absl - WARNING - You are saving your model as an HDF5 file via `model.save()` or `keras.saving.save_model(model)`. This file format is considered legacy. We recommend using instead the native Keras format, e.g. `model.save('my_model.keras')` or `keras.saving.save_model(model, 'my_model.keras')`. 
2025-12-31 14:40:36,838 - root - INFO - Epoch 82; CER: 0.15924887359142303; WER: 0.3587493300437927; loss: 1.5854427814483643; val_CER: 0.15919028222560883; val_WER: 0.3586357533931732; val_loss: 1.6431089639663696
2025-12-31 14:57:05,916 - absl - WARNING - You are saving your model as an HDF5 file via `model.save()` or `keras.saving.save_model(model)`. This file format is considered legacy. We recommend using instead the native Keras format, e.g. `model.save('my_model.keras')` or `keras.saving.save_model(model, 'my_model.keras')`. 
2025-12-31 14:57:06,135 - root - INFO - Epoch 83; CER: 0.15859375894069672; WER: 0.35772642493247986; loss: 1.5850093364715576; val_CER: 0.15849636495113373; val_WER: 0.35755160450935364; val_loss: 1.2463080883026123
2025-12-31 15:14:46,162 - absl - WARNING - You are saving your model as an HDF5 file via `model.save()` or `keras.saving.save_model(model)`. This file format is considered legacy. We recommend using instead the native Keras format, e.g. `model.save('my_model.keras')` or `keras.saving.save_model(model, 'my_model.keras')`. 
2025-12-31 15:14:46,376 - root - INFO - Epoch 84; CER: 0.15789389610290527; WER: 0.3566264510154724; loss: 1.5731804370880127; val_CER: 0.15781842172145844; val_WER: 0.3564852476119995; val_loss: 1.5177068710327148
2025-12-31 15:32:28,114 - absl - WARNING - You are saving your model as an HDF5 file via `model.save()` or `keras.saving.save_model(model)`. This file format is considered legacy. We recommend using instead the native Keras format, e.g. `model.save('my_model.keras')` or `keras.saving.save_model(model, 'my_model.keras')`. 
2025-12-31 15:32:28,320 - root - INFO - Epoch 85; CER: 0.1572425365447998; WER: 0.35560956597328186; loss: 1.5772287845611572; val_CER: 0.1571504771709442; val_WER: 0.35543978214263916; val_loss: 1.259415626525879
2025-12-31 15:50:20,026 - absl - WARNING - You are saving your model as an HDF5 file via `model.save()` or `keras.saving.save_model(model)`. This file format is considered legacy. We recommend using instead the native Keras format, e.g. `model.save('my_model.keras')` or `keras.saving.save_model(model, 'my_model.keras')`. 
2025-12-31 15:50:20,276 - root - INFO - Epoch 86; CER: 0.15657365322113037; WER: 0.35453855991363525; loss: 1.563407301902771; val_CER: 0.1564851999282837; val_WER: 0.35437607765197754; val_loss: 1.2600258588790894
2025-12-31 16:07:42,390 - absl - WARNING - You are saving your model as an HDF5 file via `model.save()` or `keras.saving.save_model(model)`. This file format is considered legacy. We recommend using instead the native Keras format, e.g. `model.save('my_model.keras')` or `keras.saving.save_model(model, 'my_model.keras')`. 
2025-12-31 16:07:42,613 - root - INFO - Epoch 87; CER: 0.1559249758720398; WER: 0.35351529717445374; loss: 1.5584948062896729; val_CER: 0.15583649277687073; val_WER: 0.35335102677345276; val_loss: 1.2540009021759033
2025-12-31 16:24:51,522 - absl - WARNING - You are saving your model as an HDF5 file via `model.save()` or `keras.saving.save_model(model)`. This file format is considered legacy. We recommend using instead the native Keras format, e.g. `model.save('my_model.keras')` or `keras.saving.save_model(model, 'my_model.keras')`. 
2025-12-31 16:24:51,745 - root - INFO - Epoch 88; CER: 0.15528196096420288; WER: 0.35249063372612; loss: 1.5592260360717773; val_CER: 0.1551978886127472; val_WER: 0.3523341119289398; val_loss: 1.228656530380249
2025-12-31 16:43:58,435 - absl - WARNING - You are saving your model as an HDF5 file via `model.save()` or `keras.saving.save_model(model)`. This file format is considered legacy. We recommend using instead the native Keras format, e.g. `model.save('my_model.keras')` or `keras.saving.save_model(model, 'my_model.keras')`. 
2025-12-31 16:43:58,657 - root - INFO - Epoch 89; CER: 0.15465764701366425; WER: 0.35150936245918274; loss: 1.5552881956100464; val_CER: 0.1545829176902771; val_WER: 0.351370245218277; val_loss: 1.3784797191619873
2025-12-31 17:01:06,885 - absl - WARNING - You are saving your model as an HDF5 file via `model.save()` or `keras.saving.save_model(model)`. This file format is considered legacy. We recommend using instead the native Keras format, e.g. `model.save('my_model.keras')` or `keras.saving.save_model(model, 'my_model.keras')`. 
2025-12-31 17:01:07,092 - root - INFO - Epoch 90; CER: 0.1540459245443344; WER: 0.3505399227142334; loss: 1.5419474840164185; val_CER: 0.15396347641944885; val_WER: 0.35038432478904724; val_loss: 1.2247883081436157
2025-12-31 17:17:51,281 - absl - WARNING - You are saving your model as an HDF5 file via `model.save()` or `keras.saving.save_model(model)`. This file format is considered legacy. We recommend using instead the native Keras format, e.g. `model.save('my_model.keras')` or `keras.saving.save_model(model, 'my_model.keras')`. 
2025-12-31 17:17:51,491 - root - INFO - Epoch 91; CER: 0.1534409075975418; WER: 0.3495626151561737; loss: 1.5334933996200562; val_CER: 0.15335825085639954; val_WER: 0.3494073748588562; val_loss: 1.224947452545166
2025-12-31 17:34:55,012 - absl - WARNING - You are saving your model as an HDF5 file via `model.save()` or `keras.saving.save_model(model)`. This file format is considered legacy. We recommend using instead the native Keras format, e.g. `model.save('my_model.keras')` or `keras.saving.save_model(model, 'my_model.keras')`. 
2025-12-31 17:34:55,221 - root - INFO - Epoch 92; CER: 0.15284040570259094; WER: 0.34860536456108093; loss: 1.5342018604278564; val_CER: 0.1529216468334198; val_WER: 0.3487308919429779; val_loss: 4.235099792480469
2025-12-31 17:52:19,283 - absl - WARNING - You are saving your model as an HDF5 file via `model.save()` or `keras.saving.save_model(model)`. This file format is considered legacy. We recommend using instead the native Keras format, e.g. `model.save('my_model.keras')` or `keras.saving.save_model(model, 'my_model.keras')`. 
2025-12-31 17:52:19,496 - root - INFO - Epoch 93; CER: 0.1524212658405304; WER: 0.34794679284095764; loss: 1.5263546705245972; val_CER: 0.15234032273292542; val_WER: 0.3477972745895386; val_loss: 1.226600170135498
2025-12-31 18:09:19,599 - absl - WARNING - You are saving your model as an HDF5 file via `model.save()` or `keras.saving.save_model(model)`. This file format is considered legacy. We recommend using instead the native Keras format, e.g. `model.save('my_model.keras')` or `keras.saving.save_model(model, 'my_model.keras')`. 
2025-12-31 18:09:19,808 - root - INFO - Epoch 94; CER: 0.15183746814727783; WER: 0.34700873494148254; loss: 1.5159891843795776; val_CER: 0.15176287293434143; val_WER: 0.34687110781669617; val_loss: 1.3239245414733887
2025-12-31 18:26:24,298 - absl - WARNING - You are saving your model as an HDF5 file via `model.save()` or `keras.saving.save_model(model)`. This file format is considered legacy. We recommend using instead the native Keras format, e.g. `model.save('my_model.keras')` or `keras.saving.save_model(model, 'my_model.keras')`. 
2025-12-31 18:26:24,508 - root - INFO - Epoch 95; CER: 0.1512734293937683; WER: 0.3461016118526459; loss: 1.5190093517303467; val_CER: 0.1511951982975006; val_WER: 0.3459552526473999; val_loss: 1.2124314308166504
2025-12-31 18:43:29,698 - absl - WARNING - You are saving your model as an HDF5 file via `model.save()` or `keras.saving.save_model(model)`. This file format is considered legacy. We recommend using instead the native Keras format, e.g. `model.save('my_model.keras')` or `keras.saving.save_model(model, 'my_model.keras')`. 
2025-12-31 18:43:29,914 - root - INFO - Epoch 96; CER: 0.150706946849823; WER: 0.3451874852180481; loss: 1.5015355348587036; val_CER: 0.1506338119506836; val_WER: 0.34504571557044983; val_loss: 1.2431448698043823
2025-12-31 19:00:38,467 - absl - WARNING - You are saving your model as an HDF5 file via `model.save()` or `keras.saving.save_model(model)`. This file format is considered legacy. We recommend using instead the native Keras format, e.g. `model.save('my_model.keras')` or `keras.saving.save_model(model, 'my_model.keras')`. 
2025-12-31 19:00:38,686 - root - INFO - Epoch 97; CER: 0.15014462172985077; WER: 0.3442745804786682; loss: 1.4922966957092285; val_CER: 0.15008582174777985; val_WER: 0.3441636264324188; val_loss: 1.3690415620803833
2025-12-31 19:17:39,942 - absl - WARNING - You are saving your model as an HDF5 file via `model.save()` or `keras.saving.save_model(model)`. This file format is considered legacy. We recommend using instead the native Keras format, e.g. `model.save('my_model.keras')` or `keras.saving.save_model(model, 'my_model.keras')`. 
2025-12-31 19:17:40,150 - root - INFO - Epoch 98; CER: 0.1496185064315796; WER: 0.3434135317802429; loss: 1.5021419525146484; val_CER: 0.14954370260238647; val_WER: 0.34327250719070435; val_loss: 1.2451084852218628
2025-12-31 19:34:40,123 - absl - WARNING - You are saving your model as an HDF5 file via `model.save()` or `keras.saving.save_model(model)`. This file format is considered legacy. We recommend using instead the native Keras format, e.g. `model.save('my_model.keras')` or `keras.saving.save_model(model, 'my_model.keras')`. 
2025-12-31 19:34:40,335 - root - INFO - Epoch 99; CER: 0.14908039569854736; WER: 0.34254565834999084; loss: 1.493453860282898; val_CER: 0.14902158081531525; val_WER: 0.3424355685710907; val_loss: 1.3879326581954956
2025-12-31 19:34:49,771 - tf2onnx.tfonnx - INFO - Using tensorflow=2.16.2, onnx=1.17.0, tf2onnx=1.16.1/15c810
2025-12-31 19:34:49,772 - tf2onnx.tfonnx - INFO - Using opset <onnx, 15>
2025-12-31 19:34:50,048 - tf2onnx.tf_utils - INFO - Computed 0 values for constant folding
2025-12-31 19:34:50,068 - tf2onnx.tf_utils - INFO - Computed 0 values for constant folding
2025-12-31 19:34:50,086 - tf2onnx.tf_utils - INFO - Computed 0 values for constant folding
2025-12-31 19:34:50,094 - tf2onnx.tf_utils - INFO - Computed 0 values for constant folding
2025-12-31 19:34:50,154 - tf2onnx.tf_utils - INFO - Computed 0 values for constant folding
2025-12-31 19:34:50,567 - tf2onnx.optimizer - INFO - Optimizing ONNX model
2025-12-31 19:34:51,975 - tf2onnx.optimizer - INFO - After optimization: Cast -4 (8->4), Concat -4 (8->4), Const -51 (146->95), Expand -3 (4->1), Gather +1 (0->1), Identity -2 (2->0), Shape -1 (3->2), Slice -1 (5->4), Squeeze -3 (5->2), Transpose -45 (49->4), Unsqueeze -14 (15->1)
